2022-11-13 12:07:43.062  INFO 316 --- [restartedMain] com.amta.book.BookApplication            : Starting BookApplication using Java 17.0.3 on HIVE-03 with PID 316 (C:\Users\HIVE-03\Projects\java_class_bscamp\amtabook\backend\book\target\classes started by HIVE-03 in C:\Users\HIVE-03\Projects\java_class_bscamp\amtabook\backend\book)
2022-11-13 12:07:43.067  INFO 316 --- [restartedMain] com.amta.book.BookApplication            : No active profile set, falling back to 1 default profile: "default"
2022-11-13 12:07:43.107  INFO 316 --- [restartedMain] .e.DevToolsPropertyDefaultsPostProcessor : Devtools property defaults active! Set 'spring.devtools.add-properties' to 'false' to disable
2022-11-13 12:07:43.107  INFO 316 --- [restartedMain] .e.DevToolsPropertyDefaultsPostProcessor : For additional web related logging consider setting the 'logging.level.web' property to 'DEBUG'
2022-11-13 12:07:43.515  INFO 316 --- [restartedMain] .s.d.r.c.RepositoryConfigurationDelegate : Multiple Spring Data modules found, entering strict repository configuration mode
2022-11-13 12:07:43.516  INFO 316 --- [restartedMain] .s.d.r.c.RepositoryConfigurationDelegate : Bootstrapping Spring Data JDBC repositories in DEFAULT mode.
2022-11-13 12:07:43.534  INFO 316 --- [restartedMain] .RepositoryConfigurationExtensionSupport : Spring Data JDBC - Could not safely identify store assignment for repository candidate interface com.amta.book.repository.BookRepo; If you want this repository to be a JDBC repository, consider annotating your entities with one of these annotations: org.springframework.data.relational.core.mapping.Table.
2022-11-13 12:07:43.534  INFO 316 --- [restartedMain] .s.d.r.c.RepositoryConfigurationDelegate : Finished Spring Data repository scanning in 15 ms. Found 0 JDBC repository interfaces.
2022-11-13 12:07:43.541  INFO 316 --- [restartedMain] .s.d.r.c.RepositoryConfigurationDelegate : Multiple Spring Data modules found, entering strict repository configuration mode
2022-11-13 12:07:43.541  INFO 316 --- [restartedMain] .s.d.r.c.RepositoryConfigurationDelegate : Bootstrapping Spring Data JPA repositories in DEFAULT mode.
2022-11-13 12:07:43.560  INFO 316 --- [restartedMain] .s.d.r.c.RepositoryConfigurationDelegate : Finished Spring Data repository scanning in 15 ms. Found 1 JPA repository interfaces.
2022-11-13 12:07:43.944  INFO 316 --- [restartedMain] o.s.b.w.embedded.tomcat.TomcatWebServer  : Tomcat initialized with port(s): 8085 (http)
2022-11-13 12:07:43.951  INFO 316 --- [restartedMain] o.apache.catalina.core.StandardService   : Starting service [Tomcat]
2022-11-13 12:07:43.951  INFO 316 --- [restartedMain] org.apache.catalina.core.StandardEngine  : Starting Servlet engine: [Apache Tomcat/9.0.68]
2022-11-13 12:07:44.003  INFO 316 --- [restartedMain] o.a.c.c.C.[Tomcat].[localhost].[/]       : Initializing Spring embedded WebApplicationContext
2022-11-13 12:07:44.003  INFO 316 --- [restartedMain] w.s.c.ServletWebServerApplicationContext : Root WebApplicationContext: initialization completed in 896 ms
2022-11-13 12:07:44.115 DEBUG 316 --- [restartedMain] j.LocalContainerEntityManagerFactoryBean : Building JPA container EntityManagerFactory for persistence unit 'default'
2022-11-13 12:07:44.127  INFO 316 --- [restartedMain] o.hibernate.jpa.internal.util.LogHelper  : HHH000204: Processing PersistenceUnitInfo [name: default]
2022-11-13 12:07:44.161  INFO 316 --- [restartedMain] org.hibernate.Version                    : HHH000412: Hibernate ORM core version 5.6.12.Final
2022-11-13 12:07:44.272  INFO 316 --- [restartedMain] o.hibernate.annotations.common.Version   : HCANN000001: Hibernate Commons Annotations {5.1.2.Final}
2022-11-13 12:07:44.339  INFO 316 --- [restartedMain] com.zaxxer.hikari.HikariDataSource       : HikariPool-1 - Starting...
2022-11-13 12:07:44.553  INFO 316 --- [restartedMain] com.zaxxer.hikari.HikariDataSource       : HikariPool-1 - Start completed.
2022-11-13 12:07:44.564  INFO 316 --- [restartedMain] org.hibernate.dialect.Dialect            : HHH000400: Using dialect: org.hibernate.dialect.MySQL5InnoDBDialect
2022-11-13 12:07:45.026  INFO 316 --- [restartedMain] o.h.e.t.j.p.i.JtaPlatformInitiator       : HHH000490: Using JtaPlatform implementation: [org.hibernate.engine.transaction.jta.platform.internal.NoJtaPlatform]
2022-11-13 12:07:45.032  INFO 316 --- [restartedMain] j.LocalContainerEntityManagerFactoryBean : Initialized JPA EntityManagerFactory for persistence unit 'default'
2022-11-13 12:07:45.099 DEBUG 316 --- [restartedMain] tor$SharedEntityManagerInvocationHandler : Creating new EntityManager for shared EntityManager invocation
2022-11-13 12:07:45.130 DEBUG 316 --- [restartedMain] tor$SharedEntityManagerInvocationHandler : Creating new EntityManager for shared EntityManager invocation
2022-11-13 12:07:45.171 DEBUG 316 --- [restartedMain] tor$SharedEntityManagerInvocationHandler : Creating new EntityManager for shared EntityManager invocation
2022-11-13 12:07:45.223  WARN 316 --- [restartedMain] JpaBaseConfiguration$JpaWebConfiguration : spring.jpa.open-in-view is enabled by default. Therefore, database queries may be performed during view rendering. Explicitly configure spring.jpa.open-in-view to disable this warning
2022-11-13 12:07:45.298 DEBUG 316 --- [restartedMain] s.w.s.m.m.a.RequestMappingHandlerAdapter : ControllerAdvice beans: 0 @ModelAttribute, 0 @InitBinder, 1 RequestBodyAdvice, 1 ResponseBodyAdvice
2022-11-13 12:07:45.354 DEBUG 316 --- [restartedMain] s.w.s.m.m.a.RequestMappingHandlerMapping : 7 mappings in 'requestMappingHandlerMapping'
2022-11-13 12:07:45.367 DEBUG 316 --- [restartedMain] o.s.w.s.handler.SimpleUrlHandlerMapping  : Patterns [/webjars/**, /**] in 'resourceHandlerMapping'
2022-11-13 12:07:45.375 DEBUG 316 --- [restartedMain] .m.m.a.ExceptionHandlerExceptionResolver : ControllerAdvice beans: 0 @ExceptionHandler, 1 ResponseBodyAdvice
2022-11-13 12:07:45.476  INFO 316 --- [restartedMain] o.s.b.d.a.OptionalLiveReloadServer       : LiveReload server is running on port 35729
2022-11-13 12:07:45.500  INFO 316 --- [restartedMain] o.s.b.w.embedded.tomcat.TomcatWebServer  : Tomcat started on port(s): 8085 (http) with context path ''
2022-11-13 12:07:45.507  INFO 316 --- [restartedMain] com.amta.book.BookApplication            : Started BookApplication in 2.702 seconds (JVM running for 3.263)
2022-11-13 12:07:50.426  INFO 316 --- [http-nio-8085-exec-1] o.a.c.c.C.[Tomcat].[localhost].[/]       : Initializing Spring DispatcherServlet 'dispatcherServlet'
2022-11-13 12:07:50.427  INFO 316 --- [http-nio-8085-exec-1] o.s.web.servlet.DispatcherServlet        : Initializing Servlet 'dispatcherServlet'
2022-11-13 12:07:50.427 DEBUG 316 --- [http-nio-8085-exec-1] o.s.web.servlet.DispatcherServlet        : Detected StandardServletMultipartResolver
2022-11-13 12:07:50.427 DEBUG 316 --- [http-nio-8085-exec-1] o.s.web.servlet.DispatcherServlet        : Detected AcceptHeaderLocaleResolver
2022-11-13 12:07:50.427 DEBUG 316 --- [http-nio-8085-exec-1] o.s.web.servlet.DispatcherServlet        : Detected FixedThemeResolver
2022-11-13 12:07:50.428 DEBUG 316 --- [http-nio-8085-exec-1] o.s.web.servlet.DispatcherServlet        : Detected org.springframework.web.servlet.view.DefaultRequestToViewNameTranslator@772e661
2022-11-13 12:07:50.429 DEBUG 316 --- [http-nio-8085-exec-1] o.s.web.servlet.DispatcherServlet        : Detected org.springframework.web.servlet.support.SessionFlashMapManager@18cf8cb1
2022-11-13 12:07:50.429 DEBUG 316 --- [http-nio-8085-exec-1] o.s.web.servlet.DispatcherServlet        : enableLoggingRequestDetails='false': request parameters and headers will be masked to prevent unsafe logging of potentially sensitive data
2022-11-13 12:07:50.429  INFO 316 --- [http-nio-8085-exec-1] o.s.web.servlet.DispatcherServlet        : Completed initialization in 2 ms
2022-11-13 12:07:50.437 DEBUG 316 --- [http-nio-8085-exec-1] o.s.web.servlet.DispatcherServlet        : GET "/api/books", parameters={}
2022-11-13 12:07:50.440 DEBUG 316 --- [http-nio-8085-exec-1] s.w.s.m.m.a.RequestMappingHandlerMapping : Mapped to com.amta.book.controller.BookController#getBooks()
2022-11-13 12:07:50.454 DEBUG 316 --- [http-nio-8085-exec-1] o.j.s.OpenEntityManagerInViewInterceptor : Opening JPA EntityManager in OpenEntityManagerInViewInterceptor
2022-11-13 12:07:50.471 DEBUG 316 --- [http-nio-8085-exec-1] o.s.orm.jpa.JpaTransactionManager        : Found thread-bound EntityManager [SessionImpl(35388115<open>)] for JPA transaction
2022-11-13 12:07:50.472 DEBUG 316 --- [http-nio-8085-exec-1] o.s.orm.jpa.JpaTransactionManager        : Creating new transaction with name [org.springframework.data.jpa.repository.support.SimpleJpaRepository.findAll]: PROPAGATION_REQUIRED,ISOLATION_DEFAULT,readOnly
2022-11-13 12:07:50.477 DEBUG 316 --- [http-nio-8085-exec-1] o.s.orm.jpa.JpaTransactionManager        : Exposing JPA transaction as JDBC [org.springframework.orm.jpa.vendor.HibernateJpaDialect$HibernateConnectionHandle@5e43fcbd]
2022-11-13 12:07:50.477 TRACE 316 --- [http-nio-8085-exec-1] o.s.t.i.TransactionInterceptor           : Getting transaction for [org.springframework.data.jpa.repository.support.SimpleJpaRepository.findAll]
2022-11-13 12:07:50.571 DEBUG 316 --- [http-nio-8085-exec-1] org.hibernate.SQL                        : select book0_.id as id1_0_, book0_.author as author2_0_, book0_.created_at as created_3_0_, book0_.name as name4_0_, book0_.price as price5_0_, book0_.published_at as publishe6_0_, book0_.type as type7_0_, book0_.updated_at as updated_8_0_ from book book0_
2022-11-13 12:07:50.586 TRACE 316 --- [http-nio-8085-exec-1] o.s.t.i.TransactionInterceptor           : Completing transaction for [org.springframework.data.jpa.repository.support.SimpleJpaRepository.findAll]
2022-11-13 12:07:50.587 DEBUG 316 --- [http-nio-8085-exec-1] o.s.orm.jpa.JpaTransactionManager        : Initiating transaction commit
2022-11-13 12:07:50.587 DEBUG 316 --- [http-nio-8085-exec-1] o.s.orm.jpa.JpaTransactionManager        : Committing JPA transaction on EntityManager [SessionImpl(35388115<open>)]
2022-11-13 12:07:50.588 DEBUG 316 --- [http-nio-8085-exec-1] o.s.orm.jpa.JpaTransactionManager        : Not closing pre-bound JPA EntityManager after transaction
2022-11-13 12:07:50.597 DEBUG 316 --- [http-nio-8085-exec-1] m.m.a.RequestResponseBodyMethodProcessor : Using 'application/json', given [*/*] and supported [application/json, application/*+json, application/json, application/*+json]
2022-11-13 12:07:50.597 DEBUG 316 --- [http-nio-8085-exec-1] m.m.a.RequestResponseBodyMethodProcessor : Writing [[com.amta.book.entity.Book@74b70315, com.amta.book.entity.Book@221ea8a7, com.amta.book.entity.Book@4 (truncated)...]
2022-11-13 12:07:50.635 DEBUG 316 --- [http-nio-8085-exec-1] o.j.s.OpenEntityManagerInViewInterceptor : Closing JPA EntityManager in OpenEntityManagerInViewInterceptor
2022-11-13 12:07:50.636 DEBUG 316 --- [http-nio-8085-exec-1] o.s.web.servlet.DispatcherServlet        : Completed 200 OK
2022-11-13 12:08:01.611 DEBUG 316 --- [http-nio-8085-exec-2] o.s.web.servlet.DispatcherServlet        : PUT "/api/books", parameters={}
2022-11-13 12:08:01.611 DEBUG 316 --- [http-nio-8085-exec-2] s.w.s.m.m.a.RequestMappingHandlerMapping : Mapped to com.amta.book.controller.BookController#update(Book)
2022-11-13 12:08:01.612 DEBUG 316 --- [http-nio-8085-exec-2] o.j.s.OpenEntityManagerInViewInterceptor : Opening JPA EntityManager in OpenEntityManagerInViewInterceptor
2022-11-13 12:08:01.646 DEBUG 316 --- [http-nio-8085-exec-2] m.m.a.RequestResponseBodyMethodProcessor : Read "application/json;charset=UTF-8" to [com.amta.book.entity.Book@6b698064]
2022-11-13 12:08:01.652 DEBUG 316 --- [http-nio-8085-exec-2] o.s.orm.jpa.JpaTransactionManager        : Found thread-bound EntityManager [SessionImpl(2125851554<open>)] for JPA transaction
2022-11-13 12:08:01.652 DEBUG 316 --- [http-nio-8085-exec-2] o.s.orm.jpa.JpaTransactionManager        : Creating new transaction with name [org.springframework.data.jpa.repository.support.SimpleJpaRepository.findById]: PROPAGATION_REQUIRED,ISOLATION_DEFAULT,readOnly
2022-11-13 12:08:01.654 DEBUG 316 --- [http-nio-8085-exec-2] o.s.orm.jpa.JpaTransactionManager        : Exposing JPA transaction as JDBC [org.springframework.orm.jpa.vendor.HibernateJpaDialect$HibernateConnectionHandle@570c7df2]
2022-11-13 12:08:01.654 TRACE 316 --- [http-nio-8085-exec-2] o.s.t.i.TransactionInterceptor           : Getting transaction for [org.springframework.data.jpa.repository.support.SimpleJpaRepository.findById]
2022-11-13 12:08:01.659 DEBUG 316 --- [http-nio-8085-exec-2] org.hibernate.SQL                        : select book0_.id as id1_0_0_, book0_.author as author2_0_0_, book0_.created_at as created_3_0_0_, book0_.name as name4_0_0_, book0_.price as price5_0_0_, book0_.published_at as publishe6_0_0_, book0_.type as type7_0_0_, book0_.updated_at as updated_8_0_0_ from book book0_ where book0_.id=?
2022-11-13 12:08:01.660 TRACE 316 --- [http-nio-8085-exec-2] o.h.type.descriptor.sql.BasicBinder      : binding parameter [1] as [INTEGER] - [9]
2022-11-13 12:08:01.664 TRACE 316 --- [http-nio-8085-exec-2] o.s.t.i.TransactionInterceptor           : Completing transaction for [org.springframework.data.jpa.repository.support.SimpleJpaRepository.findById]
2022-11-13 12:08:01.665 DEBUG 316 --- [http-nio-8085-exec-2] o.s.orm.jpa.JpaTransactionManager        : Initiating transaction commit
2022-11-13 12:08:01.665 DEBUG 316 --- [http-nio-8085-exec-2] o.s.orm.jpa.JpaTransactionManager        : Committing JPA transaction on EntityManager [SessionImpl(2125851554<open>)]
2022-11-13 12:08:01.667 DEBUG 316 --- [http-nio-8085-exec-2] o.s.orm.jpa.JpaTransactionManager        : Not closing pre-bound JPA EntityManager after transaction
2022-11-13 12:08:01.670 DEBUG 316 --- [http-nio-8085-exec-2] o.s.orm.jpa.JpaTransactionManager        : Found thread-bound EntityManager [SessionImpl(2125851554<open>)] for JPA transaction
2022-11-13 12:08:01.670 DEBUG 316 --- [http-nio-8085-exec-2] o.s.orm.jpa.JpaTransactionManager        : Creating new transaction with name [org.springframework.data.jpa.repository.support.SimpleJpaRepository.save]: PROPAGATION_REQUIRED,ISOLATION_DEFAULT
2022-11-13 12:08:01.671 DEBUG 316 --- [http-nio-8085-exec-2] o.s.orm.jpa.JpaTransactionManager        : Exposing JPA transaction as JDBC [org.springframework.orm.jpa.vendor.HibernateJpaDialect$HibernateConnectionHandle@6e856ea7]
2022-11-13 12:08:01.672 TRACE 316 --- [http-nio-8085-exec-2] o.s.t.i.TransactionInterceptor           : Getting transaction for [org.springframework.data.jpa.repository.support.SimpleJpaRepository.save]
2022-11-13 12:08:01.681 TRACE 316 --- [http-nio-8085-exec-2] o.s.t.i.TransactionInterceptor           : Completing transaction for [org.springframework.data.jpa.repository.support.SimpleJpaRepository.save]
2022-11-13 12:08:01.681 DEBUG 316 --- [http-nio-8085-exec-2] o.s.orm.jpa.JpaTransactionManager        : Initiating transaction commit
2022-11-13 12:08:01.681 DEBUG 316 --- [http-nio-8085-exec-2] o.s.orm.jpa.JpaTransactionManager        : Committing JPA transaction on EntityManager [SessionImpl(2125851554<open>)]
2022-11-13 12:08:01.689 DEBUG 316 --- [http-nio-8085-exec-2] org.hibernate.SQL                        : update book set author=?, created_at=?, name=?, price=?, published_at=?, type=?, updated_at=? where id=?
2022-11-13 12:08:01.690 TRACE 316 --- [http-nio-8085-exec-2] o.h.type.descriptor.sql.BasicBinder      : binding parameter [1] as [VARCHAR] - [test]
2022-11-13 12:08:01.691 TRACE 316 --- [http-nio-8085-exec-2] o.h.type.descriptor.sql.BasicBinder      : binding parameter [2] as [TIMESTAMP] - [2022-11-13T11:53:27]
2022-11-13 12:08:01.691 TRACE 316 --- [http-nio-8085-exec-2] o.h.type.descriptor.sql.BasicBinder      : binding parameter [3] as [VARCHAR] - [test]
2022-11-13 12:08:01.691 TRACE 316 --- [http-nio-8085-exec-2] o.h.type.descriptor.sql.BasicBinder      : binding parameter [4] as [INTEGER] - [7000]
2022-11-13 12:08:01.692 TRACE 316 --- [http-nio-8085-exec-2] o.h.type.descriptor.sql.BasicBinder      : binding parameter [5] as [DATE] - [2020-10-15]
2022-11-13 12:08:01.692 TRACE 316 --- [http-nio-8085-exec-2] o.h.type.descriptor.sql.BasicBinder      : binding parameter [6] as [VARCHAR] - [comedy]
2022-11-13 12:08:01.693 TRACE 316 --- [http-nio-8085-exec-2] o.h.type.descriptor.sql.BasicBinder      : binding parameter [7] as [TIMESTAMP] - [2022-11-13T12:08:01.670779200]
2022-11-13 12:08:01.693 TRACE 316 --- [http-nio-8085-exec-2] o.h.type.descriptor.sql.BasicBinder      : binding parameter [8] as [INTEGER] - [9]
2022-11-13 12:08:01.709 DEBUG 316 --- [http-nio-8085-exec-2] o.s.orm.jpa.JpaTransactionManager        : Not closing pre-bound JPA EntityManager after transaction
2022-11-13 12:08:01.711 DEBUG 316 --- [http-nio-8085-exec-2] o.s.w.s.m.m.a.HttpEntityMethodProcessor  : Using 'application/json', given [*/*] and supported [application/json, application/*+json, application/json, application/*+json]
2022-11-13 12:08:01.711 DEBUG 316 --- [http-nio-8085-exec-2] o.s.w.s.m.m.a.HttpEntityMethodProcessor  : Writing [com.amta.book.entity.Book@31f947ed]
2022-11-13 12:08:01.712 DEBUG 316 --- [http-nio-8085-exec-2] o.j.s.OpenEntityManagerInViewInterceptor : Closing JPA EntityManager in OpenEntityManagerInViewInterceptor
2022-11-13 12:08:01.712 DEBUG 316 --- [http-nio-8085-exec-2] o.s.web.servlet.DispatcherServlet        : Completed 200 OK
2022-11-13 12:08:01.714 DEBUG 316 --- [http-nio-8085-exec-3] o.s.web.servlet.DispatcherServlet        : GET "/api/books", parameters={}
2022-11-13 12:08:01.715 DEBUG 316 --- [http-nio-8085-exec-3] s.w.s.m.m.a.RequestMappingHandlerMapping : Mapped to com.amta.book.controller.BookController#getBooks()
2022-11-13 12:08:01.716 DEBUG 316 --- [http-nio-8085-exec-3] o.j.s.OpenEntityManagerInViewInterceptor : Opening JPA EntityManager in OpenEntityManagerInViewInterceptor
2022-11-13 12:08:01.716 DEBUG 316 --- [http-nio-8085-exec-3] o.s.orm.jpa.JpaTransactionManager        : Found thread-bound EntityManager [SessionImpl(622432107<open>)] for JPA transaction
2022-11-13 12:08:01.716 DEBUG 316 --- [http-nio-8085-exec-3] o.s.orm.jpa.JpaTransactionManager        : Creating new transaction with name [org.springframework.data.jpa.repository.support.SimpleJpaRepository.findAll]: PROPAGATION_REQUIRED,ISOLATION_DEFAULT,readOnly
2022-11-13 12:08:01.717 DEBUG 316 --- [http-nio-8085-exec-3] o.s.orm.jpa.JpaTransactionManager        : Exposing JPA transaction as JDBC [org.springframework.orm.jpa.vendor.HibernateJpaDialect$HibernateConnectionHandle@2bde65b8]
2022-11-13 12:08:01.717 TRACE 316 --- [http-nio-8085-exec-3] o.s.t.i.TransactionInterceptor           : Getting transaction for [org.springframework.data.jpa.repository.support.SimpleJpaRepository.findAll]
2022-11-13 12:08:01.718 DEBUG 316 --- [http-nio-8085-exec-3] org.hibernate.SQL                        : select book0_.id as id1_0_, book0_.author as author2_0_, book0_.created_at as created_3_0_, book0_.name as name4_0_, book0_.price as price5_0_, book0_.published_at as publishe6_0_, book0_.type as type7_0_, book0_.updated_at as updated_8_0_ from book book0_
2022-11-13 12:08:01.720 TRACE 316 --- [http-nio-8085-exec-3] o.s.t.i.TransactionInterceptor           : Completing transaction for [org.springframework.data.jpa.repository.support.SimpleJpaRepository.findAll]
2022-11-13 12:08:01.720 DEBUG 316 --- [http-nio-8085-exec-3] o.s.orm.jpa.JpaTransactionManager        : Initiating transaction commit
2022-11-13 12:08:01.720 DEBUG 316 --- [http-nio-8085-exec-3] o.s.orm.jpa.JpaTransactionManager        : Committing JPA transaction on EntityManager [SessionImpl(622432107<open>)]
2022-11-13 12:08:01.722 DEBUG 316 --- [http-nio-8085-exec-3] o.s.orm.jpa.JpaTransactionManager        : Not closing pre-bound JPA EntityManager after transaction
2022-11-13 12:08:01.722 DEBUG 316 --- [http-nio-8085-exec-3] m.m.a.RequestResponseBodyMethodProcessor : Using 'application/json', given [*/*] and supported [application/json, application/*+json, application/json, application/*+json]
2022-11-13 12:08:01.722 DEBUG 316 --- [http-nio-8085-exec-3] m.m.a.RequestResponseBodyMethodProcessor : Writing [[com.amta.book.entity.Book@5bc38103, com.amta.book.entity.Book@7b22675c, com.amta.book.entity.Book@a (truncated)...]
2022-11-13 12:08:01.723 DEBUG 316 --- [http-nio-8085-exec-3] o.j.s.OpenEntityManagerInViewInterceptor : Closing JPA EntityManager in OpenEntityManagerInViewInterceptor
2022-11-13 12:08:01.724 DEBUG 316 --- [http-nio-8085-exec-3] o.s.web.servlet.DispatcherServlet        : Completed 200 OK
2022-11-13 12:08:17.791 DEBUG 316 --- [http-nio-8085-exec-4] o.s.web.servlet.DispatcherServlet        : GET "/api/books", parameters={}
2022-11-13 12:08:17.791 DEBUG 316 --- [http-nio-8085-exec-4] s.w.s.m.m.a.RequestMappingHandlerMapping : Mapped to com.amta.book.controller.BookController#getBooks()
2022-11-13 12:08:17.792 DEBUG 316 --- [http-nio-8085-exec-4] o.j.s.OpenEntityManagerInViewInterceptor : Opening JPA EntityManager in OpenEntityManagerInViewInterceptor
2022-11-13 12:08:17.793 DEBUG 316 --- [http-nio-8085-exec-4] o.s.orm.jpa.JpaTransactionManager        : Found thread-bound EntityManager [SessionImpl(31977963<open>)] for JPA transaction
2022-11-13 12:08:17.793 DEBUG 316 --- [http-nio-8085-exec-4] o.s.orm.jpa.JpaTransactionManager        : Creating new transaction with name [org.springframework.data.jpa.repository.support.SimpleJpaRepository.findAll]: PROPAGATION_REQUIRED,ISOLATION_DEFAULT,readOnly
2022-11-13 12:08:17.795 DEBUG 316 --- [http-nio-8085-exec-4] o.s.orm.jpa.JpaTransactionManager        : Exposing JPA transaction as JDBC [org.springframework.orm.jpa.vendor.HibernateJpaDialect$HibernateConnectionHandle@44e57fb3]
2022-11-13 12:08:17.795 TRACE 316 --- [http-nio-8085-exec-4] o.s.t.i.TransactionInterceptor           : Getting transaction for [org.springframework.data.jpa.repository.support.SimpleJpaRepository.findAll]
2022-11-13 12:08:17.795 DEBUG 316 --- [http-nio-8085-exec-4] org.hibernate.SQL                        : select book0_.id as id1_0_, book0_.author as author2_0_, book0_.created_at as created_3_0_, book0_.name as name4_0_, book0_.price as price5_0_, book0_.published_at as publishe6_0_, book0_.type as type7_0_, book0_.updated_at as updated_8_0_ from book book0_
2022-11-13 12:08:17.799 TRACE 316 --- [http-nio-8085-exec-4] o.s.t.i.TransactionInterceptor           : Completing transaction for [org.springframework.data.jpa.repository.support.SimpleJpaRepository.findAll]
2022-11-13 12:08:17.799 DEBUG 316 --- [http-nio-8085-exec-4] o.s.orm.jpa.JpaTransactionManager        : Initiating transaction commit
2022-11-13 12:08:17.799 DEBUG 316 --- [http-nio-8085-exec-4] o.s.orm.jpa.JpaTransactionManager        : Committing JPA transaction on EntityManager [SessionImpl(31977963<open>)]
2022-11-13 12:08:17.801 DEBUG 316 --- [http-nio-8085-exec-4] o.s.orm.jpa.JpaTransactionManager        : Not closing pre-bound JPA EntityManager after transaction
2022-11-13 12:08:17.801 DEBUG 316 --- [http-nio-8085-exec-4] m.m.a.RequestResponseBodyMethodProcessor : Using 'application/json', given [*/*] and supported [application/json, application/*+json, application/json, application/*+json]
2022-11-13 12:08:17.802 DEBUG 316 --- [http-nio-8085-exec-4] m.m.a.RequestResponseBodyMethodProcessor : Writing [[com.amta.book.entity.Book@7012e457, com.amta.book.entity.Book@50b9ef14, com.amta.book.entity.Book@2 (truncated)...]
2022-11-13 12:08:17.805 DEBUG 316 --- [http-nio-8085-exec-4] o.j.s.OpenEntityManagerInViewInterceptor : Closing JPA EntityManager in OpenEntityManagerInViewInterceptor
2022-11-13 12:08:17.805 DEBUG 316 --- [http-nio-8085-exec-4] o.s.web.servlet.DispatcherServlet        : Completed 200 OK
2022-11-13 12:08:36.574 DEBUG 316 --- [http-nio-8085-exec-5] o.s.web.servlet.DispatcherServlet        : PUT "/api/books", parameters={}
2022-11-13 12:08:36.575 DEBUG 316 --- [http-nio-8085-exec-5] s.w.s.m.m.a.RequestMappingHandlerMapping : Mapped to com.amta.book.controller.BookController#update(Book)
2022-11-13 12:08:36.575 DEBUG 316 --- [http-nio-8085-exec-5] o.j.s.OpenEntityManagerInViewInterceptor : Opening JPA EntityManager in OpenEntityManagerInViewInterceptor
2022-11-13 12:08:36.576 DEBUG 316 --- [http-nio-8085-exec-5] m.m.a.RequestResponseBodyMethodProcessor : Read "application/json;charset=UTF-8" to [com.amta.book.entity.Book@675451ab]
2022-11-13 12:08:36.576 DEBUG 316 --- [http-nio-8085-exec-5] o.s.orm.jpa.JpaTransactionManager        : Found thread-bound EntityManager [SessionImpl(1771287345<open>)] for JPA transaction
2022-11-13 12:08:36.576 DEBUG 316 --- [http-nio-8085-exec-5] o.s.orm.jpa.JpaTransactionManager        : Creating new transaction with name [org.springframework.data.jpa.repository.support.SimpleJpaRepository.findById]: PROPAGATION_REQUIRED,ISOLATION_DEFAULT,readOnly
2022-11-13 12:08:36.580 DEBUG 316 --- [http-nio-8085-exec-5] o.s.orm.jpa.JpaTransactionManager        : Exposing JPA transaction as JDBC [org.springframework.orm.jpa.vendor.HibernateJpaDialect$HibernateConnectionHandle@6d326cbd]
2022-11-13 12:08:36.580 TRACE 316 --- [http-nio-8085-exec-5] o.s.t.i.TransactionInterceptor           : Getting transaction for [org.springframework.data.jpa.repository.support.SimpleJpaRepository.findById]
2022-11-13 12:08:36.580 DEBUG 316 --- [http-nio-8085-exec-5] org.hibernate.SQL                        : select book0_.id as id1_0_0_, book0_.author as author2_0_0_, book0_.created_at as created_3_0_0_, book0_.name as name4_0_0_, book0_.price as price5_0_0_, book0_.published_at as publishe6_0_0_, book0_.type as type7_0_0_, book0_.updated_at as updated_8_0_0_ from book book0_ where book0_.id=?
2022-11-13 12:08:36.580 TRACE 316 --- [http-nio-8085-exec-5] o.h.type.descriptor.sql.BasicBinder      : binding parameter [1] as [INTEGER] - [9]
2022-11-13 12:08:36.582 TRACE 316 --- [http-nio-8085-exec-5] o.s.t.i.TransactionInterceptor           : Completing transaction for [org.springframework.data.jpa.repository.support.SimpleJpaRepository.findById]
2022-11-13 12:08:36.582 DEBUG 316 --- [http-nio-8085-exec-5] o.s.orm.jpa.JpaTransactionManager        : Initiating transaction commit
2022-11-13 12:08:36.582 DEBUG 316 --- [http-nio-8085-exec-5] o.s.orm.jpa.JpaTransactionManager        : Committing JPA transaction on EntityManager [SessionImpl(1771287345<open>)]
2022-11-13 12:08:36.583 DEBUG 316 --- [http-nio-8085-exec-5] o.s.orm.jpa.JpaTransactionManager        : Not closing pre-bound JPA EntityManager after transaction
2022-11-13 12:08:36.584 DEBUG 316 --- [http-nio-8085-exec-5] o.s.orm.jpa.JpaTransactionManager        : Found thread-bound EntityManager [SessionImpl(1771287345<open>)] for JPA transaction
2022-11-13 12:08:36.584 DEBUG 316 --- [http-nio-8085-exec-5] o.s.orm.jpa.JpaTransactionManager        : Creating new transaction with name [org.springframework.data.jpa.repository.support.SimpleJpaRepository.save]: PROPAGATION_REQUIRED,ISOLATION_DEFAULT
2022-11-13 12:08:36.584 DEBUG 316 --- [http-nio-8085-exec-5] o.s.orm.jpa.JpaTransactionManager        : Exposing JPA transaction as JDBC [org.springframework.orm.jpa.vendor.HibernateJpaDialect$HibernateConnectionHandle@4d9f1e60]
2022-11-13 12:08:36.585 TRACE 316 --- [http-nio-8085-exec-5] o.s.t.i.TransactionInterceptor           : Getting transaction for [org.springframework.data.jpa.repository.support.SimpleJpaRepository.save]
2022-11-13 12:08:36.585 TRACE 316 --- [http-nio-8085-exec-5] o.s.t.i.TransactionInterceptor           : Completing transaction for [org.springframework.data.jpa.repository.support.SimpleJpaRepository.save]
2022-11-13 12:08:36.585 DEBUG 316 --- [http-nio-8085-exec-5] o.s.orm.jpa.JpaTransactionManager        : Initiating transaction commit
2022-11-13 12:08:36.585 DEBUG 316 --- [http-nio-8085-exec-5] o.s.orm.jpa.JpaTransactionManager        : Committing JPA transaction on EntityManager [SessionImpl(1771287345<open>)]
2022-11-13 12:08:36.585 DEBUG 316 --- [http-nio-8085-exec-5] org.hibernate.SQL                        : update book set author=?, created_at=?, name=?, price=?, published_at=?, type=?, updated_at=? where id=?
2022-11-13 12:08:36.586 TRACE 316 --- [http-nio-8085-exec-5] o.h.type.descriptor.sql.BasicBinder      : binding parameter [1] as [VARCHAR] - [test]
2022-11-13 12:08:36.586 TRACE 316 --- [http-nio-8085-exec-5] o.h.type.descriptor.sql.BasicBinder      : binding parameter [2] as [TIMESTAMP] - [2022-11-13T11:53:27]
2022-11-13 12:08:36.586 TRACE 316 --- [http-nio-8085-exec-5] o.h.type.descriptor.sql.BasicBinder      : binding parameter [3] as [VARCHAR] - [test]
2022-11-13 12:08:36.586 TRACE 316 --- [http-nio-8085-exec-5] o.h.type.descriptor.sql.BasicBinder      : binding parameter [4] as [INTEGER] - [8000]
2022-11-13 12:08:36.586 TRACE 316 --- [http-nio-8085-exec-5] o.h.type.descriptor.sql.BasicBinder      : binding parameter [5] as [DATE] - [2020-10-08]
2022-11-13 12:08:36.586 TRACE 316 --- [http-nio-8085-exec-5] o.h.type.descriptor.sql.BasicBinder      : binding parameter [6] as [VARCHAR] - [comedy]
2022-11-13 12:08:36.586 TRACE 316 --- [http-nio-8085-exec-5] o.h.type.descriptor.sql.BasicBinder      : binding parameter [7] as [TIMESTAMP] - [2022-11-13T12:08:36.584249700]
2022-11-13 12:08:36.586 TRACE 316 --- [http-nio-8085-exec-5] o.h.type.descriptor.sql.BasicBinder      : binding parameter [8] as [INTEGER] - [9]
2022-11-13 12:08:36.609 DEBUG 316 --- [http-nio-8085-exec-5] o.s.orm.jpa.JpaTransactionManager        : Not closing pre-bound JPA EntityManager after transaction
2022-11-13 12:08:36.610 DEBUG 316 --- [http-nio-8085-exec-5] o.s.w.s.m.m.a.HttpEntityMethodProcessor  : Using 'application/json', given [*/*] and supported [application/json, application/*+json, application/json, application/*+json]
2022-11-13 12:08:36.610 DEBUG 316 --- [http-nio-8085-exec-5] o.s.w.s.m.m.a.HttpEntityMethodProcessor  : Writing [com.amta.book.entity.Book@48814645]
2022-11-13 12:08:36.611 DEBUG 316 --- [http-nio-8085-exec-5] o.j.s.OpenEntityManagerInViewInterceptor : Closing JPA EntityManager in OpenEntityManagerInViewInterceptor
2022-11-13 12:08:36.611 DEBUG 316 --- [http-nio-8085-exec-5] o.s.web.servlet.DispatcherServlet        : Completed 200 OK
2022-11-13 12:08:36.618 DEBUG 316 --- [http-nio-8085-exec-6] o.s.web.servlet.DispatcherServlet        : GET "/api/books", parameters={}
2022-11-13 12:08:36.619 DEBUG 316 --- [http-nio-8085-exec-6] s.w.s.m.m.a.RequestMappingHandlerMapping : Mapped to com.amta.book.controller.BookController#getBooks()
2022-11-13 12:08:36.619 DEBUG 316 --- [http-nio-8085-exec-6] o.j.s.OpenEntityManagerInViewInterceptor : Opening JPA EntityManager in OpenEntityManagerInViewInterceptor
2022-11-13 12:08:36.619 DEBUG 316 --- [http-nio-8085-exec-6] o.s.orm.jpa.JpaTransactionManager        : Found thread-bound EntityManager [SessionImpl(1283599232<open>)] for JPA transaction
2022-11-13 12:08:36.620 DEBUG 316 --- [http-nio-8085-exec-6] o.s.orm.jpa.JpaTransactionManager        : Creating new transaction with name [org.springframework.data.jpa.repository.support.SimpleJpaRepository.findAll]: PROPAGATION_REQUIRED,ISOLATION_DEFAULT,readOnly
2022-11-13 12:08:36.622 DEBUG 316 --- [http-nio-8085-exec-6] o.s.orm.jpa.JpaTransactionManager        : Exposing JPA transaction as JDBC [org.springframework.orm.jpa.vendor.HibernateJpaDialect$HibernateConnectionHandle@378c65b]
2022-11-13 12:08:36.622 TRACE 316 --- [http-nio-8085-exec-6] o.s.t.i.TransactionInterceptor           : Getting transaction for [org.springframework.data.jpa.repository.support.SimpleJpaRepository.findAll]
2022-11-13 12:08:36.622 DEBUG 316 --- [http-nio-8085-exec-6] org.hibernate.SQL                        : select book0_.id as id1_0_, book0_.author as author2_0_, book0_.created_at as created_3_0_, book0_.name as name4_0_, book0_.price as price5_0_, book0_.published_at as publishe6_0_, book0_.type as type7_0_, book0_.updated_at as updated_8_0_ from book book0_
2022-11-13 12:08:36.625 TRACE 316 --- [http-nio-8085-exec-6] o.s.t.i.TransactionInterceptor           : Completing transaction for [org.springframework.data.jpa.repository.support.SimpleJpaRepository.findAll]
2022-11-13 12:08:36.625 DEBUG 316 --- [http-nio-8085-exec-6] o.s.orm.jpa.JpaTransactionManager        : Initiating transaction commit
2022-11-13 12:08:36.625 DEBUG 316 --- [http-nio-8085-exec-6] o.s.orm.jpa.JpaTransactionManager        : Committing JPA transaction on EntityManager [SessionImpl(1283599232<open>)]
2022-11-13 12:08:36.627 DEBUG 316 --- [http-nio-8085-exec-6] o.s.orm.jpa.JpaTransactionManager        : Not closing pre-bound JPA EntityManager after transaction
2022-11-13 12:08:36.628 DEBUG 316 --- [http-nio-8085-exec-6] m.m.a.RequestResponseBodyMethodProcessor : Using 'application/json', given [*/*] and supported [application/json, application/*+json, application/json, application/*+json]
2022-11-13 12:08:36.628 DEBUG 316 --- [http-nio-8085-exec-6] m.m.a.RequestResponseBodyMethodProcessor : Writing [[com.amta.book.entity.Book@63573914, com.amta.book.entity.Book@64b7092a, com.amta.book.entity.Book@5 (truncated)...]
2022-11-13 12:08:36.629 DEBUG 316 --- [http-nio-8085-exec-6] o.j.s.OpenEntityManagerInViewInterceptor : Closing JPA EntityManager in OpenEntityManagerInViewInterceptor
2022-11-13 12:08:36.629 DEBUG 316 --- [http-nio-8085-exec-6] o.s.web.servlet.DispatcherServlet        : Completed 200 OK
2022-11-13 12:09:10.291 DEBUG 316 --- [http-nio-8085-exec-7] o.s.web.servlet.DispatcherServlet        : GET "/api/books", parameters={}
2022-11-13 12:09:10.291 DEBUG 316 --- [http-nio-8085-exec-7] s.w.s.m.m.a.RequestMappingHandlerMapping : Mapped to com.amta.book.controller.BookController#getBooks()
2022-11-13 12:09:10.292 DEBUG 316 --- [http-nio-8085-exec-7] o.j.s.OpenEntityManagerInViewInterceptor : Opening JPA EntityManager in OpenEntityManagerInViewInterceptor
2022-11-13 12:09:10.292 DEBUG 316 --- [http-nio-8085-exec-7] o.s.orm.jpa.JpaTransactionManager        : Found thread-bound EntityManager [SessionImpl(473743779<open>)] for JPA transaction
2022-11-13 12:09:10.292 DEBUG 316 --- [http-nio-8085-exec-7] o.s.orm.jpa.JpaTransactionManager        : Creating new transaction with name [org.springframework.data.jpa.repository.support.SimpleJpaRepository.findAll]: PROPAGATION_REQUIRED,ISOLATION_DEFAULT,readOnly
2022-11-13 12:09:10.294 DEBUG 316 --- [http-nio-8085-exec-7] o.s.orm.jpa.JpaTransactionManager        : Exposing JPA transaction as JDBC [org.springframework.orm.jpa.vendor.HibernateJpaDialect$HibernateConnectionHandle@12fb2c54]
2022-11-13 12:09:10.294 TRACE 316 --- [http-nio-8085-exec-7] o.s.t.i.TransactionInterceptor           : Getting transaction for [org.springframework.data.jpa.repository.support.SimpleJpaRepository.findAll]
2022-11-13 12:09:10.294 DEBUG 316 --- [http-nio-8085-exec-7] org.hibernate.SQL                        : select book0_.id as id1_0_, book0_.author as author2_0_, book0_.created_at as created_3_0_, book0_.name as name4_0_, book0_.price as price5_0_, book0_.published_at as publishe6_0_, book0_.type as type7_0_, book0_.updated_at as updated_8_0_ from book book0_
2022-11-13 12:09:10.296 TRACE 316 --- [http-nio-8085-exec-7] o.s.t.i.TransactionInterceptor           : Completing transaction for [org.springframework.data.jpa.repository.support.SimpleJpaRepository.findAll]
2022-11-13 12:09:10.296 DEBUG 316 --- [http-nio-8085-exec-7] o.s.orm.jpa.JpaTransactionManager        : Initiating transaction commit
2022-11-13 12:09:10.296 DEBUG 316 --- [http-nio-8085-exec-7] o.s.orm.jpa.JpaTransactionManager        : Committing JPA transaction on EntityManager [SessionImpl(473743779<open>)]
2022-11-13 12:09:10.298 DEBUG 316 --- [http-nio-8085-exec-7] o.s.orm.jpa.JpaTransactionManager        : Not closing pre-bound JPA EntityManager after transaction
2022-11-13 12:09:10.298 DEBUG 316 --- [http-nio-8085-exec-7] m.m.a.RequestResponseBodyMethodProcessor : Using 'application/json', given [*/*] and supported [application/json, application/*+json, application/json, application/*+json]
2022-11-13 12:09:10.299 DEBUG 316 --- [http-nio-8085-exec-7] m.m.a.RequestResponseBodyMethodProcessor : Writing [[com.amta.book.entity.Book@62dfd484, com.amta.book.entity.Book@517e683e, com.amta.book.entity.Book@3 (truncated)...]
2022-11-13 12:09:10.300 DEBUG 316 --- [http-nio-8085-exec-7] o.j.s.OpenEntityManagerInViewInterceptor : Closing JPA EntityManager in OpenEntityManagerInViewInterceptor
2022-11-13 12:09:10.300 DEBUG 316 --- [http-nio-8085-exec-7] o.s.web.servlet.DispatcherServlet        : Completed 200 OK
2022-11-13 12:09:27.076 DEBUG 316 --- [http-nio-8085-exec-8] o.s.web.servlet.DispatcherServlet        : POST "/api/books", parameters={}
2022-11-13 12:09:27.076 DEBUG 316 --- [http-nio-8085-exec-8] s.w.s.m.m.a.RequestMappingHandlerMapping : Mapped to com.amta.book.controller.BookController#create(Book)
2022-11-13 12:09:27.076 DEBUG 316 --- [http-nio-8085-exec-8] o.j.s.OpenEntityManagerInViewInterceptor : Opening JPA EntityManager in OpenEntityManagerInViewInterceptor
2022-11-13 12:09:27.077 DEBUG 316 --- [http-nio-8085-exec-8] m.m.a.RequestResponseBodyMethodProcessor : Read "application/json;charset=UTF-8" to [com.amta.book.entity.Book@48a9c8ab]
2022-11-13 12:09:27.077 DEBUG 316 --- [http-nio-8085-exec-8] o.s.orm.jpa.JpaTransactionManager        : Found thread-bound EntityManager [SessionImpl(1181626318<open>)] for JPA transaction
2022-11-13 12:09:27.077 DEBUG 316 --- [http-nio-8085-exec-8] o.s.orm.jpa.JpaTransactionManager        : Creating new transaction with name [org.springframework.data.jpa.repository.support.SimpleJpaRepository.save]: PROPAGATION_REQUIRED,ISOLATION_DEFAULT
2022-11-13 12:09:27.079 DEBUG 316 --- [http-nio-8085-exec-8] o.s.orm.jpa.JpaTransactionManager        : Exposing JPA transaction as JDBC [org.springframework.orm.jpa.vendor.HibernateJpaDialect$HibernateConnectionHandle@4251a3db]
2022-11-13 12:09:27.079 TRACE 316 --- [http-nio-8085-exec-8] o.s.t.i.TransactionInterceptor           : Getting transaction for [org.springframework.data.jpa.repository.support.SimpleJpaRepository.save]
2022-11-13 12:09:27.086 DEBUG 316 --- [http-nio-8085-exec-8] org.hibernate.SQL                        : select next_val as id_val from hibernate_sequence for update
2022-11-13 12:09:27.087 DEBUG 316 --- [http-nio-8085-exec-8] org.hibernate.SQL                        : update hibernate_sequence set next_val= ? where next_val=?
2022-11-13 12:09:27.108 TRACE 316 --- [http-nio-8085-exec-8] o.s.t.i.TransactionInterceptor           : Completing transaction for [org.springframework.data.jpa.repository.support.SimpleJpaRepository.save]
2022-11-13 12:09:27.108 DEBUG 316 --- [http-nio-8085-exec-8] o.s.orm.jpa.JpaTransactionManager        : Initiating transaction commit
2022-11-13 12:09:27.108 DEBUG 316 --- [http-nio-8085-exec-8] o.s.orm.jpa.JpaTransactionManager        : Committing JPA transaction on EntityManager [SessionImpl(1181626318<open>)]
2022-11-13 12:09:27.109 DEBUG 316 --- [http-nio-8085-exec-8] org.hibernate.SQL                        : insert into book (author, created_at, name, price, published_at, type, updated_at, id) values (?, ?, ?, ?, ?, ?, ?, ?)
2022-11-13 12:09:27.109 TRACE 316 --- [http-nio-8085-exec-8] o.h.type.descriptor.sql.BasicBinder      : binding parameter [1] as [VARCHAR] - [tet]
2022-11-13 12:09:27.109 TRACE 316 --- [http-nio-8085-exec-8] o.h.type.descriptor.sql.BasicBinder      : binding parameter [2] as [TIMESTAMP] - [2022-11-13T12:09:27.077959900]
2022-11-13 12:09:27.109 TRACE 316 --- [http-nio-8085-exec-8] o.h.type.descriptor.sql.BasicBinder      : binding parameter [3] as [VARCHAR] - [tet]
2022-11-13 12:09:27.109 TRACE 316 --- [http-nio-8085-exec-8] o.h.type.descriptor.sql.BasicBinder      : binding parameter [4] as [INTEGER] - [2000]
2022-11-13 12:09:27.109 TRACE 316 --- [http-nio-8085-exec-8] o.h.type.descriptor.sql.BasicBinder      : binding parameter [5] as [DATE] - [2020-10-02]
2022-11-13 12:09:27.110 TRACE 316 --- [http-nio-8085-exec-8] o.h.type.descriptor.sql.BasicBinder      : binding parameter [6] as [VARCHAR] - [romance]
2022-11-13 12:09:27.110 TRACE 316 --- [http-nio-8085-exec-8] o.h.type.descriptor.sql.BasicBinder      : binding parameter [7] as [TIMESTAMP] - [null]
2022-11-13 12:09:27.110 TRACE 316 --- [http-nio-8085-exec-8] o.h.type.descriptor.sql.BasicBinder      : binding parameter [8] as [INTEGER] - [10]
2022-11-13 12:09:27.117 DEBUG 316 --- [http-nio-8085-exec-8] o.s.orm.jpa.JpaTransactionManager        : Not closing pre-bound JPA EntityManager after transaction
2022-11-13 12:09:27.117 DEBUG 316 --- [http-nio-8085-exec-8] m.m.a.RequestResponseBodyMethodProcessor : Using 'application/json', given [*/*] and supported [application/json, application/*+json, application/json, application/*+json]
2022-11-13 12:09:27.117 DEBUG 316 --- [http-nio-8085-exec-8] m.m.a.RequestResponseBodyMethodProcessor : Writing [com.amta.book.entity.Book@48a9c8ab]
2022-11-13 12:09:27.118 DEBUG 316 --- [http-nio-8085-exec-8] o.j.s.OpenEntityManagerInViewInterceptor : Closing JPA EntityManager in OpenEntityManagerInViewInterceptor
2022-11-13 12:09:27.118 DEBUG 316 --- [http-nio-8085-exec-8] o.s.web.servlet.DispatcherServlet        : Completed 200 OK
2022-11-13 12:09:27.120 DEBUG 316 --- [http-nio-8085-exec-9] o.s.web.servlet.DispatcherServlet        : GET "/api/books", parameters={}
2022-11-13 12:09:27.120 DEBUG 316 --- [http-nio-8085-exec-9] s.w.s.m.m.a.RequestMappingHandlerMapping : Mapped to com.amta.book.controller.BookController#getBooks()
2022-11-13 12:09:27.121 DEBUG 316 --- [http-nio-8085-exec-9] o.j.s.OpenEntityManagerInViewInterceptor : Opening JPA EntityManager in OpenEntityManagerInViewInterceptor
2022-11-13 12:09:27.121 DEBUG 316 --- [http-nio-8085-exec-9] o.s.orm.jpa.JpaTransactionManager        : Found thread-bound EntityManager [SessionImpl(287858503<open>)] for JPA transaction
2022-11-13 12:09:27.121 DEBUG 316 --- [http-nio-8085-exec-9] o.s.orm.jpa.JpaTransactionManager        : Creating new transaction with name [org.springframework.data.jpa.repository.support.SimpleJpaRepository.findAll]: PROPAGATION_REQUIRED,ISOLATION_DEFAULT,readOnly
2022-11-13 12:09:27.123 DEBUG 316 --- [http-nio-8085-exec-9] o.s.orm.jpa.JpaTransactionManager        : Exposing JPA transaction as JDBC [org.springframework.orm.jpa.vendor.HibernateJpaDialect$HibernateConnectionHandle@1fefb312]
2022-11-13 12:09:27.123 TRACE 316 --- [http-nio-8085-exec-9] o.s.t.i.TransactionInterceptor           : Getting transaction for [org.springframework.data.jpa.repository.support.SimpleJpaRepository.findAll]
2022-11-13 12:09:27.123 DEBUG 316 --- [http-nio-8085-exec-9] org.hibernate.SQL                        : select book0_.id as id1_0_, book0_.author as author2_0_, book0_.created_at as created_3_0_, book0_.name as name4_0_, book0_.price as price5_0_, book0_.published_at as publishe6_0_, book0_.type as type7_0_, book0_.updated_at as updated_8_0_ from book book0_
2022-11-13 12:09:27.125 TRACE 316 --- [http-nio-8085-exec-9] o.s.t.i.TransactionInterceptor           : Completing transaction for [org.springframework.data.jpa.repository.support.SimpleJpaRepository.findAll]
2022-11-13 12:09:27.125 DEBUG 316 --- [http-nio-8085-exec-9] o.s.orm.jpa.JpaTransactionManager        : Initiating transaction commit
2022-11-13 12:09:27.125 DEBUG 316 --- [http-nio-8085-exec-9] o.s.orm.jpa.JpaTransactionManager        : Committing JPA transaction on EntityManager [SessionImpl(287858503<open>)]
2022-11-13 12:09:27.127 DEBUG 316 --- [http-nio-8085-exec-9] o.s.orm.jpa.JpaTransactionManager        : Not closing pre-bound JPA EntityManager after transaction
2022-11-13 12:09:27.127 DEBUG 316 --- [http-nio-8085-exec-9] m.m.a.RequestResponseBodyMethodProcessor : Using 'application/json', given [*/*] and supported [application/json, application/*+json, application/json, application/*+json]
2022-11-13 12:09:27.127 DEBUG 316 --- [http-nio-8085-exec-9] m.m.a.RequestResponseBodyMethodProcessor : Writing [[com.amta.book.entity.Book@6fc64258, com.amta.book.entity.Book@752da21b, com.amta.book.entity.Book@3 (truncated)...]
2022-11-13 12:09:27.128 DEBUG 316 --- [http-nio-8085-exec-9] o.j.s.OpenEntityManagerInViewInterceptor : Closing JPA EntityManager in OpenEntityManagerInViewInterceptor
2022-11-13 12:09:27.128 DEBUG 316 --- [http-nio-8085-exec-9] o.s.web.servlet.DispatcherServlet        : Completed 200 OK
2022-11-13 12:09:34.869  INFO 316 --- [RMI TCP Connection(4)-127.0.0.1] inMXBeanRegistrar$SpringApplicationAdmin : Application shutdown requested.
2022-11-13 12:09:34.883  INFO 316 --- [RMI TCP Connection(4)-127.0.0.1] o.apache.catalina.core.StandardService   : Stopping service [Tomcat]
2022-11-13 12:09:34.884  INFO 316 --- [RMI TCP Connection(4)-127.0.0.1] o.a.c.c.C.[Tomcat].[localhost].[/]       : Destroying Spring FrameworkServlet 'dispatcherServlet'
2022-11-13 12:09:34.889  INFO 316 --- [RMI TCP Connection(4)-127.0.0.1] j.LocalContainerEntityManagerFactoryBean : Closing JPA EntityManagerFactory for persistence unit 'default'
2022-11-13 12:09:34.891  INFO 316 --- [RMI TCP Connection(4)-127.0.0.1] com.zaxxer.hikari.HikariDataSource       : HikariPool-1 - Shutdown initiated...
2022-11-13 12:09:34.897  INFO 316 --- [RMI TCP Connection(4)-127.0.0.1] com.zaxxer.hikari.HikariDataSource       : HikariPool-1 - Shutdown completed.
