2022-11-26 07:03:59.165  INFO 5012 --- [restartedMain] com.javaclass.food.FoodApplication       : Starting FoodApplication using Java 16.0.1 on V330-H2VN with PID 5012 (D:\Data\JAVA\food\backend\food\target\classes started by V330 in D:\Data\JAVA\food\backend\food)
2022-11-26 07:03:59.345  INFO 5012 --- [restartedMain] com.javaclass.food.FoodApplication       : No active profile set, falling back to 1 default profile: "default"
2022-11-26 07:03:59.406  INFO 5012 --- [restartedMain] .e.DevToolsPropertyDefaultsPostProcessor : Devtools property defaults active! Set 'spring.devtools.add-properties' to 'false' to disable
2022-11-26 07:03:59.406  INFO 5012 --- [restartedMain] .e.DevToolsPropertyDefaultsPostProcessor : For additional web related logging consider setting the 'logging.level.web' property to 'DEBUG'
2022-11-26 07:04:10.738  INFO 5012 --- [restartedMain] .s.d.r.c.RepositoryConfigurationDelegate : Multiple Spring Data modules found, entering strict repository configuration mode
2022-11-26 07:04:10.821  INFO 5012 --- [restartedMain] .s.d.r.c.RepositoryConfigurationDelegate : Bootstrapping Spring Data JDBC repositories in DEFAULT mode.
2022-11-26 07:04:11.997  INFO 5012 --- [restartedMain] .RepositoryConfigurationExtensionSupport : Spring Data JDBC - Could not safely identify store assignment for repository candidate interface com.javaclass.food.repo.FoodRepo; If you want this repository to be a JDBC repository, consider annotating your entities with one of these annotations: org.springframework.data.relational.core.mapping.Table.
2022-11-26 07:04:11.999  INFO 5012 --- [restartedMain] .s.d.r.c.RepositoryConfigurationDelegate : Finished Spring Data repository scanning in 639 ms. Found 0 JDBC repository interfaces.
2022-11-26 07:04:12.744  INFO 5012 --- [restartedMain] .s.d.r.c.RepositoryConfigurationDelegate : Multiple Spring Data modules found, entering strict repository configuration mode
2022-11-26 07:04:13.471  INFO 5012 --- [restartedMain] .s.d.r.c.RepositoryConfigurationDelegate : Bootstrapping Spring Data JPA repositories in DEFAULT mode.
2022-11-26 07:04:14.738  INFO 5012 --- [restartedMain] .s.d.r.c.RepositoryConfigurationDelegate : Finished Spring Data repository scanning in 751 ms. Found 1 JPA repository interfaces.
2022-11-26 07:04:25.129  INFO 5012 --- [restartedMain] o.s.b.w.embedded.tomcat.TomcatWebServer  : Tomcat initialized with port(s): 8087 (http)
2022-11-26 07:04:25.223  INFO 5012 --- [restartedMain] o.apache.catalina.core.StandardService   : Starting service [Tomcat]
2022-11-26 07:04:25.223  INFO 5012 --- [restartedMain] org.apache.catalina.core.StandardEngine  : Starting Servlet engine: [Apache Tomcat/9.0.68]
2022-11-26 07:04:25.391  INFO 5012 --- [restartedMain] o.a.c.c.C.[Tomcat].[localhost].[/]       : Initializing Spring embedded WebApplicationContext
2022-11-26 07:04:25.391  INFO 5012 --- [restartedMain] w.s.c.ServletWebServerApplicationContext : Root WebApplicationContext: initialization completed in 25920 ms
2022-11-26 07:04:26.929 DEBUG 5012 --- [restartedMain] j.LocalContainerEntityManagerFactoryBean : Building JPA container EntityManagerFactory for persistence unit 'default'
2022-11-26 07:04:27.540  INFO 5012 --- [restartedMain] o.hibernate.jpa.internal.util.LogHelper  : HHH000204: Processing PersistenceUnitInfo [name: default]
2022-11-26 07:04:28.744  INFO 5012 --- [restartedMain] org.hibernate.Version                    : HHH000412: Hibernate ORM core version 5.6.12.Final
2022-11-26 07:04:29.757  INFO 5012 --- [restartedMain] o.hibernate.annotations.common.Version   : HCANN000001: Hibernate Commons Annotations {5.1.2.Final}
2022-11-26 07:04:30.692  INFO 5012 --- [restartedMain] com.zaxxer.hikari.HikariDataSource       : HikariPool-1 - Starting...
2022-11-26 07:04:41.783  INFO 5012 --- [restartedMain] com.zaxxer.hikari.HikariDataSource       : HikariPool-1 - Start completed.
2022-11-26 07:04:41.957  INFO 5012 --- [restartedMain] org.hibernate.dialect.Dialect            : HHH000400: Using dialect: org.hibernate.dialect.MySQL5InnoDBDialect
2022-11-26 07:04:56.179  INFO 5012 --- [restartedMain] o.h.e.t.j.p.i.JtaPlatformInitiator       : HHH000490: Using JtaPlatform implementation: [org.hibernate.engine.transaction.jta.platform.internal.NoJtaPlatform]
2022-11-26 07:04:56.209  INFO 5012 --- [restartedMain] j.LocalContainerEntityManagerFactoryBean : Initialized JPA EntityManagerFactory for persistence unit 'default'
2022-11-26 07:04:57.002 DEBUG 5012 --- [restartedMain] tor$SharedEntityManagerInvocationHandler : Creating new EntityManager for shared EntityManager invocation
2022-11-26 07:04:57.076 DEBUG 5012 --- [restartedMain] tor$SharedEntityManagerInvocationHandler : Creating new EntityManager for shared EntityManager invocation
2022-11-26 07:04:57.304 DEBUG 5012 --- [restartedMain] tor$SharedEntityManagerInvocationHandler : Creating new EntityManager for shared EntityManager invocation
2022-11-26 07:04:57.518  WARN 5012 --- [restartedMain] JpaBaseConfiguration$JpaWebConfiguration : spring.jpa.open-in-view is enabled by default. Therefore, database queries may be performed during view rendering. Explicitly configure spring.jpa.open-in-view to disable this warning
2022-11-26 07:04:58.155 DEBUG 5012 --- [restartedMain] s.w.s.m.m.a.RequestMappingHandlerAdapter : ControllerAdvice beans: 0 @ModelAttribute, 0 @InitBinder, 1 RequestBodyAdvice, 1 ResponseBodyAdvice
2022-11-26 07:04:58.480 DEBUG 5012 --- [restartedMain] s.w.s.m.m.a.RequestMappingHandlerMapping : 7 mappings in 'requestMappingHandlerMapping'
2022-11-26 07:04:58.511 DEBUG 5012 --- [restartedMain] o.s.w.s.handler.SimpleUrlHandlerMapping  : Patterns [/webjars/**, /**] in 'resourceHandlerMapping'
2022-11-26 07:04:58.526 DEBUG 5012 --- [restartedMain] .m.m.a.ExceptionHandlerExceptionResolver : ControllerAdvice beans: 0 @ExceptionHandler, 1 ResponseBodyAdvice
2022-11-26 07:04:59.122  INFO 5012 --- [restartedMain] o.s.b.d.a.OptionalLiveReloadServer       : LiveReload server is running on port 35729
2022-11-26 07:04:59.514  INFO 5012 --- [restartedMain] o.s.b.w.embedded.tomcat.TomcatWebServer  : Tomcat started on port(s): 8087 (http) with context path ''
2022-11-26 07:04:59.527  INFO 5012 --- [restartedMain] com.javaclass.food.FoodApplication       : Started FoodApplication in 61.091 seconds (JVM running for 63.053)
2022-11-26 07:11:04.133  INFO 5012 --- [http-nio-8087-exec-1] o.a.c.c.C.[Tomcat].[localhost].[/]       : Initializing Spring DispatcherServlet 'dispatcherServlet'
2022-11-26 07:11:04.134  INFO 5012 --- [http-nio-8087-exec-1] o.s.web.servlet.DispatcherServlet        : Initializing Servlet 'dispatcherServlet'
2022-11-26 07:11:04.136 DEBUG 5012 --- [http-nio-8087-exec-1] o.s.web.servlet.DispatcherServlet        : Detected StandardServletMultipartResolver
2022-11-26 07:11:04.136 DEBUG 5012 --- [http-nio-8087-exec-1] o.s.web.servlet.DispatcherServlet        : Detected AcceptHeaderLocaleResolver
2022-11-26 07:11:04.136 DEBUG 5012 --- [http-nio-8087-exec-1] o.s.web.servlet.DispatcherServlet        : Detected FixedThemeResolver
2022-11-26 07:11:04.258 DEBUG 5012 --- [http-nio-8087-exec-1] o.s.web.servlet.DispatcherServlet        : Detected org.springframework.web.servlet.view.DefaultRequestToViewNameTranslator@444e7e83
2022-11-26 07:11:04.258 DEBUG 5012 --- [http-nio-8087-exec-1] o.s.web.servlet.DispatcherServlet        : Detected org.springframework.web.servlet.support.SessionFlashMapManager@2ff2d6e0
2022-11-26 07:11:04.259 DEBUG 5012 --- [http-nio-8087-exec-1] o.s.web.servlet.DispatcherServlet        : enableLoggingRequestDetails='false': request parameters and headers will be masked to prevent unsafe logging of potentially sensitive data
2022-11-26 07:11:04.259  INFO 5012 --- [http-nio-8087-exec-1] o.s.web.servlet.DispatcherServlet        : Completed initialization in 125 ms
2022-11-26 07:11:04.618 DEBUG 5012 --- [http-nio-8087-exec-1] o.s.web.servlet.DispatcherServlet        : GET "/api/food", parameters={}
2022-11-26 07:11:05.019 DEBUG 5012 --- [http-nio-8087-exec-1] s.w.s.m.m.a.RequestMappingHandlerMapping : Mapped to com.javaclass.food.controller.FoodController#getAll()
2022-11-26 07:11:05.154 DEBUG 5012 --- [http-nio-8087-exec-1] o.j.s.OpenEntityManagerInViewInterceptor : Opening JPA EntityManager in OpenEntityManagerInViewInterceptor
2022-11-26 07:11:05.483 DEBUG 5012 --- [http-nio-8087-exec-1] o.s.orm.jpa.JpaTransactionManager        : Found thread-bound EntityManager [SessionImpl(1746658866<open>)] for JPA transaction
2022-11-26 07:11:05.483 DEBUG 5012 --- [http-nio-8087-exec-1] o.s.orm.jpa.JpaTransactionManager        : Creating new transaction with name [org.springframework.data.jpa.repository.support.SimpleJpaRepository.findAll]: PROPAGATION_REQUIRED,ISOLATION_DEFAULT,readOnly
2022-11-26 07:11:06.200 DEBUG 5012 --- [http-nio-8087-exec-1] o.s.orm.jpa.JpaTransactionManager        : Exposing JPA transaction as JDBC [org.springframework.orm.jpa.vendor.HibernateJpaDialect$HibernateConnectionHandle@6af1e03d]
2022-11-26 07:11:06.201 TRACE 5012 --- [http-nio-8087-exec-1] o.s.t.i.TransactionInterceptor           : Getting transaction for [org.springframework.data.jpa.repository.support.SimpleJpaRepository.findAll]
2022-11-26 07:11:07.942 DEBUG 5012 --- [http-nio-8087-exec-1] org.hibernate.SQL                        : select food0_.id as id1_0_, food0_.created_at as created_2_0_, food0_.name as name3_0_, food0_.price as price4_0_, food0_.type as type5_0_, food0_.updated_at as updated_6_0_ from food food0_
2022-11-26 07:11:09.572 TRACE 5012 --- [http-nio-8087-exec-1] o.s.t.i.TransactionInterceptor           : Completing transaction for [org.springframework.data.jpa.repository.support.SimpleJpaRepository.findAll]
2022-11-26 07:11:09.573 DEBUG 5012 --- [http-nio-8087-exec-1] o.s.orm.jpa.JpaTransactionManager        : Initiating transaction commit
2022-11-26 07:11:09.573 DEBUG 5012 --- [http-nio-8087-exec-1] o.s.orm.jpa.JpaTransactionManager        : Committing JPA transaction on EntityManager [SessionImpl(1746658866<open>)]
2022-11-26 07:11:09.742 DEBUG 5012 --- [http-nio-8087-exec-1] o.s.orm.jpa.JpaTransactionManager        : Not closing pre-bound JPA EntityManager after transaction
2022-11-26 07:11:10.073 DEBUG 5012 --- [http-nio-8087-exec-1] m.m.a.RequestResponseBodyMethodProcessor : Using 'application/json', given [*/*] and supported [application/json, application/*+json, application/json, application/*+json]
2022-11-26 07:11:10.074 DEBUG 5012 --- [http-nio-8087-exec-1] m.m.a.RequestResponseBodyMethodProcessor : Writing [[Food [id=1, name=Food1, price=500, type=fruits, createdAt=null, updatedAt=2022-11-13T19:03:21], Foo (truncated)...]
2022-11-26 07:11:10.681 DEBUG 5012 --- [http-nio-8087-exec-1] o.j.s.OpenEntityManagerInViewInterceptor : Closing JPA EntityManager in OpenEntityManagerInViewInterceptor
2022-11-26 07:11:10.682 DEBUG 5012 --- [http-nio-8087-exec-1] o.s.web.servlet.DispatcherServlet        : Completed 200 OK
2022-11-26 07:34:03.098 DEBUG 5012 --- [http-nio-8087-exec-3] o.s.web.servlet.DispatcherServlet        : GET "/api/food", parameters={}
2022-11-26 07:34:04.432 DEBUG 5012 --- [http-nio-8087-exec-3] s.w.s.m.m.a.RequestMappingHandlerMapping : Mapped to com.javaclass.food.controller.FoodController#getAll()
2022-11-26 07:34:05.359 DEBUG 5012 --- [http-nio-8087-exec-3] o.j.s.OpenEntityManagerInViewInterceptor : Opening JPA EntityManager in OpenEntityManagerInViewInterceptor
2022-11-26 07:34:07.076 DEBUG 5012 --- [http-nio-8087-exec-3] o.s.orm.jpa.JpaTransactionManager        : Found thread-bound EntityManager [SessionImpl(1888076094<open>)] for JPA transaction
2022-11-26 07:34:07.117 DEBUG 5012 --- [http-nio-8087-exec-3] o.s.orm.jpa.JpaTransactionManager        : Creating new transaction with name [org.springframework.data.jpa.repository.support.SimpleJpaRepository.findAll]: PROPAGATION_REQUIRED,ISOLATION_DEFAULT,readOnly
2022-11-26 07:34:09.989 DEBUG 5012 --- [http-nio-8087-exec-3] o.s.orm.jpa.JpaTransactionManager        : Exposing JPA transaction as JDBC [org.springframework.orm.jpa.vendor.HibernateJpaDialect$HibernateConnectionHandle@7e4e315f]
2022-11-26 07:34:09.989 TRACE 5012 --- [http-nio-8087-exec-3] o.s.t.i.TransactionInterceptor           : Getting transaction for [org.springframework.data.jpa.repository.support.SimpleJpaRepository.findAll]
2022-11-26 07:34:12.049 DEBUG 5012 --- [http-nio-8087-exec-3] org.hibernate.SQL                        : select food0_.id as id1_0_, food0_.created_at as created_2_0_, food0_.name as name3_0_, food0_.price as price4_0_, food0_.type as type5_0_, food0_.updated_at as updated_6_0_ from food food0_
2022-11-26 07:34:15.787 TRACE 5012 --- [http-nio-8087-exec-3] o.s.t.i.TransactionInterceptor           : Completing transaction for [org.springframework.data.jpa.repository.support.SimpleJpaRepository.findAll]
2022-11-26 07:34:15.787 DEBUG 5012 --- [http-nio-8087-exec-3] o.s.orm.jpa.JpaTransactionManager        : Initiating transaction commit
2022-11-26 07:34:15.787 DEBUG 5012 --- [http-nio-8087-exec-3] o.s.orm.jpa.JpaTransactionManager        : Committing JPA transaction on EntityManager [SessionImpl(1888076094<open>)]
2022-11-26 07:34:16.026 DEBUG 5012 --- [http-nio-8087-exec-3] o.s.orm.jpa.JpaTransactionManager        : Not closing pre-bound JPA EntityManager after transaction
2022-11-26 07:34:18.275 DEBUG 5012 --- [http-nio-8087-exec-3] m.m.a.RequestResponseBodyMethodProcessor : Using 'application/json', given [*/*] and supported [application/json, application/*+json, application/json, application/*+json]
2022-11-26 07:34:18.467 DEBUG 5012 --- [http-nio-8087-exec-3] m.m.a.RequestResponseBodyMethodProcessor : Writing [[Food [id=1, name=Food1, price=500, type=fruits, createdAt=null, updatedAt=2022-11-13T19:03:21], Foo (truncated)...]
2022-11-26 07:34:20.682 DEBUG 5012 --- [http-nio-8087-exec-3] o.j.s.OpenEntityManagerInViewInterceptor : Closing JPA EntityManager in OpenEntityManagerInViewInterceptor
2022-11-26 07:34:20.692 DEBUG 5012 --- [http-nio-8087-exec-3] o.s.web.servlet.DispatcherServlet        : Completed 200 OK
2022-11-26 07:34:38.425 DEBUG 5012 --- [http-nio-8087-exec-5] o.s.web.servlet.DispatcherServlet        : GET "/api/food", parameters={}
2022-11-26 07:34:38.425 DEBUG 5012 --- [http-nio-8087-exec-5] s.w.s.m.m.a.RequestMappingHandlerMapping : Mapped to com.javaclass.food.controller.FoodController#getAll()
2022-11-26 07:34:38.426 DEBUG 5012 --- [http-nio-8087-exec-5] o.j.s.OpenEntityManagerInViewInterceptor : Opening JPA EntityManager in OpenEntityManagerInViewInterceptor
2022-11-26 07:34:38.427 DEBUG 5012 --- [http-nio-8087-exec-5] o.s.orm.jpa.JpaTransactionManager        : Found thread-bound EntityManager [SessionImpl(1083810446<open>)] for JPA transaction
2022-11-26 07:34:38.427 DEBUG 5012 --- [http-nio-8087-exec-5] o.s.orm.jpa.JpaTransactionManager        : Creating new transaction with name [org.springframework.data.jpa.repository.support.SimpleJpaRepository.findAll]: PROPAGATION_REQUIRED,ISOLATION_DEFAULT,readOnly
2022-11-26 07:34:38.853 DEBUG 5012 --- [http-nio-8087-exec-5] o.s.orm.jpa.JpaTransactionManager        : Exposing JPA transaction as JDBC [org.springframework.orm.jpa.vendor.HibernateJpaDialect$HibernateConnectionHandle@4e5e44ed]
2022-11-26 07:34:38.853 TRACE 5012 --- [http-nio-8087-exec-5] o.s.t.i.TransactionInterceptor           : Getting transaction for [org.springframework.data.jpa.repository.support.SimpleJpaRepository.findAll]
2022-11-26 07:34:38.854 DEBUG 5012 --- [http-nio-8087-exec-5] org.hibernate.SQL                        : select food0_.id as id1_0_, food0_.created_at as created_2_0_, food0_.name as name3_0_, food0_.price as price4_0_, food0_.type as type5_0_, food0_.updated_at as updated_6_0_ from food food0_
2022-11-26 07:34:41.713 TRACE 5012 --- [http-nio-8087-exec-5] o.s.t.i.TransactionInterceptor           : Completing transaction for [org.springframework.data.jpa.repository.support.SimpleJpaRepository.findAll]
2022-11-26 07:34:41.714 DEBUG 5012 --- [http-nio-8087-exec-5] o.s.orm.jpa.JpaTransactionManager        : Initiating transaction commit
2022-11-26 07:34:41.714 DEBUG 5012 --- [http-nio-8087-exec-5] o.s.orm.jpa.JpaTransactionManager        : Committing JPA transaction on EntityManager [SessionImpl(1083810446<open>)]
2022-11-26 07:34:41.773 DEBUG 5012 --- [http-nio-8087-exec-5] o.s.orm.jpa.JpaTransactionManager        : Not closing pre-bound JPA EntityManager after transaction
2022-11-26 07:34:41.774 DEBUG 5012 --- [http-nio-8087-exec-5] m.m.a.RequestResponseBodyMethodProcessor : Using 'application/json', given [*/*] and supported [application/json, application/*+json, application/json, application/*+json]
2022-11-26 07:34:41.774 DEBUG 5012 --- [http-nio-8087-exec-5] m.m.a.RequestResponseBodyMethodProcessor : Writing [[Food [id=1, name=Food1, price=500, type=fruits, createdAt=null, updatedAt=2022-11-13T19:03:21], Foo (truncated)...]
2022-11-26 07:34:41.794 DEBUG 5012 --- [http-nio-8087-exec-5] o.j.s.OpenEntityManagerInViewInterceptor : Closing JPA EntityManager in OpenEntityManagerInViewInterceptor
2022-11-26 07:34:41.794 DEBUG 5012 --- [http-nio-8087-exec-5] o.s.web.servlet.DispatcherServlet        : Completed 200 OK
2022-11-26 07:38:28.532 DEBUG 5012 --- [http-nio-8087-exec-7] o.s.web.servlet.DispatcherServlet        : GET "/api/food", parameters={}
2022-11-26 07:38:28.532 DEBUG 5012 --- [http-nio-8087-exec-7] s.w.s.m.m.a.RequestMappingHandlerMapping : Mapped to com.javaclass.food.controller.FoodController#getAll()
2022-11-26 07:38:28.533 DEBUG 5012 --- [http-nio-8087-exec-7] o.j.s.OpenEntityManagerInViewInterceptor : Opening JPA EntityManager in OpenEntityManagerInViewInterceptor
2022-11-26 07:38:28.534 DEBUG 5012 --- [http-nio-8087-exec-7] o.s.orm.jpa.JpaTransactionManager        : Found thread-bound EntityManager [SessionImpl(1308524144<open>)] for JPA transaction
2022-11-26 07:38:28.534 DEBUG 5012 --- [http-nio-8087-exec-7] o.s.orm.jpa.JpaTransactionManager        : Creating new transaction with name [org.springframework.data.jpa.repository.support.SimpleJpaRepository.findAll]: PROPAGATION_REQUIRED,ISOLATION_DEFAULT,readOnly
2022-11-26 07:38:28.974 DEBUG 5012 --- [http-nio-8087-exec-7] o.s.orm.jpa.JpaTransactionManager        : Exposing JPA transaction as JDBC [org.springframework.orm.jpa.vendor.HibernateJpaDialect$HibernateConnectionHandle@47061500]
2022-11-26 07:38:28.974 TRACE 5012 --- [http-nio-8087-exec-7] o.s.t.i.TransactionInterceptor           : Getting transaction for [org.springframework.data.jpa.repository.support.SimpleJpaRepository.findAll]
2022-11-26 07:38:28.975 DEBUG 5012 --- [http-nio-8087-exec-7] org.hibernate.SQL                        : select food0_.id as id1_0_, food0_.created_at as created_2_0_, food0_.name as name3_0_, food0_.price as price4_0_, food0_.type as type5_0_, food0_.updated_at as updated_6_0_ from food food0_
2022-11-26 07:38:29.681 TRACE 5012 --- [http-nio-8087-exec-7] o.s.t.i.TransactionInterceptor           : Completing transaction for [org.springframework.data.jpa.repository.support.SimpleJpaRepository.findAll]
2022-11-26 07:38:29.681 DEBUG 5012 --- [http-nio-8087-exec-7] o.s.orm.jpa.JpaTransactionManager        : Initiating transaction commit
2022-11-26 07:38:29.681 DEBUG 5012 --- [http-nio-8087-exec-7] o.s.orm.jpa.JpaTransactionManager        : Committing JPA transaction on EntityManager [SessionImpl(1308524144<open>)]
2022-11-26 07:38:29.708 DEBUG 5012 --- [http-nio-8087-exec-7] o.s.orm.jpa.JpaTransactionManager        : Not closing pre-bound JPA EntityManager after transaction
2022-11-26 07:38:29.708 DEBUG 5012 --- [http-nio-8087-exec-7] m.m.a.RequestResponseBodyMethodProcessor : Using 'application/json', given [*/*] and supported [application/json, application/*+json, application/json, application/*+json]
2022-11-26 07:38:29.709 DEBUG 5012 --- [http-nio-8087-exec-7] m.m.a.RequestResponseBodyMethodProcessor : Writing [[Food [id=1, name=Food1, price=500, type=fruits, createdAt=null, updatedAt=2022-11-13T19:03:21], Foo (truncated)...]
2022-11-26 07:38:29.740 DEBUG 5012 --- [http-nio-8087-exec-7] o.j.s.OpenEntityManagerInViewInterceptor : Closing JPA EntityManager in OpenEntityManagerInViewInterceptor
2022-11-26 07:38:29.740 DEBUG 5012 --- [http-nio-8087-exec-7] o.s.web.servlet.DispatcherServlet        : Completed 200 OK
